<?xml version="1.0" encoding="UTF-8"?>
<!-- Generated by org.testng.reporters.JUnitXMLReporter -->
<testsuite ignored="0" hostname="Nehas-MacBook-Pro.local" failures="0" tests="3" name="Surefire test" time="9.648" errors="0" timestamp="2021-03-19T12:08:33 EDT">
  <testcase classname="browsers.SafariTest" name="launchSafari" time="1.997"/>
  <testcase classname="browsers.FireFoxTest" name="launchFirefox" time="4.398"/>
  <testcase classname="browsers.ChromeTest" name="launchChrome" time="3.218"/>
</testsuite> <!-- Surefire test -->
