<?xml version="1.0" encoding="UTF-8"?>
<testng-results ignored="0" total="1" passed="1" failed="0" skipped="0">
  <reporter-output>
  </reporter-output>
  <suite started-at="2021-03-18T12:53:20 EDT" name="Surefire suite" finished-at="2021-03-18T12:53:24 EDT" duration-ms="3772">
    <groups>
    </groups>
    <test started-at="2021-03-18T12:53:20 EDT" name="Surefire test" finished-at="2021-03-18T12:53:24 EDT" duration-ms="3772">
      <class name="browsers.ChromeTest">
        <test-method signature="launchChrome()[pri:0, instance:browsers.ChromeTest@79b06cab]" started-at="2021-03-18T12:53:20 EDT" name="launchChrome" finished-at="2021-03-18T12:53:24 EDT" duration-ms="3748" status="PASS">
          <reporter-output>
          </reporter-output>
        </test-method> <!-- launchChrome -->
      </class> <!-- browsers.ChromeTest -->
    </test> <!-- Surefire test -->
  </suite> <!-- Surefire suite -->
</testng-results>
