<?xml version="1.0" encoding="UTF-8"?>
<testng-results ignored="0" total="3" passed="3" failed="0" skipped="0">
  <reporter-output>
  </reporter-output>
  <suite started-at="2021-03-19T12:08:18 EDT" name="Surefire suite" finished-at="2021-03-19T12:08:28 EDT" duration-ms="9648">
    <groups>
    </groups>
    <test started-at="2021-03-19T12:08:18 EDT" name="Surefire test" finished-at="2021-03-19T12:08:28 EDT" duration-ms="9648">
      <class name="browsers.ChromeTest">
        <test-method signature="launchChrome()[pri:0, instance:browsers.ChromeTest@2f7c2f4f]" started-at="2021-03-19T12:08:25 EDT" name="launchChrome" finished-at="2021-03-19T12:08:28 EDT" duration-ms="3218" status="PASS">
          <reporter-output>
          </reporter-output>
        </test-method> <!-- launchChrome -->
      </class> <!-- browsers.ChromeTest -->
      <class name="browsers.SafariTest">
        <test-method signature="launchSafari()[pri:0, instance:browsers.SafariTest@149e0f5d]" started-at="2021-03-19T12:08:18 EDT" name="launchSafari" finished-at="2021-03-19T12:08:20 EDT" duration-ms="1997" status="PASS">
          <reporter-output>
          </reporter-output>
        </test-method> <!-- launchSafari -->
      </class> <!-- browsers.SafariTest -->
      <class name="browsers.FireFoxTest">
        <test-method signature="launchFirefox()[pri:0, instance:browsers.FireFoxTest@1b1473ab]" started-at="2021-03-19T12:08:20 EDT" name="launchFirefox" finished-at="2021-03-19T12:08:25 EDT" duration-ms="4398" status="PASS">
          <reporter-output>
          </reporter-output>
        </test-method> <!-- launchFirefox -->
      </class> <!-- browsers.FireFoxTest -->
    </test> <!-- Surefire test -->
  </suite> <!-- Surefire suite -->
</testng-results>
