<?xml version="1.0" encoding="UTF-8"?>
<testng-results ignored="0" total="1" passed="1" failed="0" skipped="0">
  <reporter-output>
  </reporter-output>
  <suite started-at="2021-03-19T11:06:15 EDT" name="Default suite" finished-at="2021-03-19T11:06:20 EDT" duration-ms="4773">
    <groups>
    </groups>
    <test started-at="2021-03-19T11:06:15 EDT" name="Default test" finished-at="2021-03-19T11:06:20 EDT" duration-ms="4773">
      <class name="browsers.FireFoxTest">
        <test-method signature="launchFirefox()[pri:0, instance:browsers.FireFoxTest@394a2528]" started-at="2021-03-19T11:06:15 EDT" name="launchFirefox" finished-at="2021-03-19T11:06:20 EDT" duration-ms="4733" status="PASS">
          <reporter-output>
          </reporter-output>
        </test-method> <!-- launchFirefox -->
      </class> <!-- browsers.FireFoxTest -->
    </test> <!-- Default test -->
  </suite> <!-- Default suite -->
</testng-results>
