<?xml version="1.0" encoding="UTF-8"?>
<testng-results ignored="0" total="1" passed="1" failed="0" skipped="0">
  <reporter-output>
  </reporter-output>
  <suite started-at="2021-03-18T12:51:22 EDT" name="Test" finished-at="2021-03-18T12:51:24 EDT" duration-ms="2616">
    <groups>
    </groups>
    <test started-at="2021-03-18T12:51:22 EDT" name="Launch Chrome" finished-at="2021-03-18T12:51:24 EDT" duration-ms="2616">
      <class name="browsers.ChromeTest">
        <test-method signature="launchChrome()[pri:0, instance:browsers.ChromeTest@68567e20]" started-at="2021-03-18T12:51:22 EDT" name="launchChrome" finished-at="2021-03-18T12:51:24 EDT" duration-ms="2570" status="PASS">
          <reporter-output>
          </reporter-output>
        </test-method> <!-- launchChrome -->
      </class> <!-- browsers.ChromeTest -->
    </test> <!-- Launch Chrome -->
  </suite> <!-- Test -->
</testng-results>
